Compiled jquery.js  (5ms)  (pid 15820)
Compiled jquery_ujs.js  (1ms)  (pid 15820)
Compiled api/v1/event_packages.js  (1979ms)  (pid 15820)
Compiled api/v1/event_times.js  (425ms)  (pid 15820)
Compiled api/v1/events.js  (305ms)  (pid 15820)
Compiled api/v1/venues.js  (235ms)  (pid 15820)
Compiled events.js  (290ms)  (pid 15820)
Compiled gmaps.js  (0ms)  (pid 15820)
Compiled home.js  (287ms)  (pid 15820)
Compiled jquery.placeholder.min.js  (0ms)  (pid 15820)
Compiled registrations.js  (283ms)  (pid 15820)
Compiled sessions.js  (329ms)  (pid 15820)
Compiled application.js  (5035ms)  (pid 15820)
Compiled api/v1/event_packages.css  (56ms)  (pid 15820)
Compiled api/v1/event_times.css  (9ms)  (pid 15820)
Compiled api/v1/events.css  (6ms)  (pid 15820)
Compiled base.css  (23ms)  (pid 15820)
Compiled events.css  (73ms)  (pid 15820)
Compiled fonts.css  (0ms)  (pid 15820)
Compiled home.css  (53ms)  (pid 15820)
Compiled privacyStyle.css  (0ms)  (pid 15820)
Compiled registrations.css  (13ms)  (pid 15820)
Compiled sessions.css  (10ms)  (pid 15820)
Compiled teaserStyle.css  (0ms)  (pid 15820)
Compiled application.css  (891ms)  (pid 15820)
Compiled jquery.js  (2ms)  (pid 12528)
Compiled jquery_ujs.js  (0ms)  (pid 12528)
Compiled api/v1/event_packages.js  (258ms)  (pid 12528)
Compiled api/v1/event_times.js  (314ms)  (pid 12528)
Compiled api/v1/events.js  (325ms)  (pid 12528)
Compiled api/v1/venues.js  (296ms)  (pid 12528)
Compiled events.js  (344ms)  (pid 12528)
Compiled gmaps.js  (0ms)  (pid 12528)
Compiled home.js  (316ms)  (pid 12528)
Compiled jquery.placeholder.min.js  (0ms)  (pid 12528)
Compiled registrations.js  (337ms)  (pid 12528)
Compiled sessions.js  (248ms)  (pid 12528)
Compiled application.js  (2836ms)  (pid 12528)
Compiled api/v1/event_packages.css  (55ms)  (pid 12528)
Compiled api/v1/event_times.css  (6ms)  (pid 12528)
Compiled api/v1/events.css  (6ms)  (pid 12528)
Compiled base.css  (10ms)  (pid 12528)
Compiled events.css  (31ms)  (pid 12528)
Compiled fonts.css  (0ms)  (pid 12528)
Compiled home.css  (36ms)  (pid 12528)
Compiled privacyStyle.css  (0ms)  (pid 12528)
Compiled registrations.css  (6ms)  (pid 12528)
Compiled sessions.css  (4ms)  (pid 12528)
Compiled teaserStyle.css  (0ms)  (pid 12528)
Compiled application.css  (418ms)  (pid 12528)
Compiled jquery.js  (4ms)  (pid 16516)
Compiled jquery_ujs.js  (0ms)  (pid 16516)
Compiled api/v1/event_packages.js  (270ms)  (pid 16516)
Compiled api/v1/event_times.js  (269ms)  (pid 16516)
Compiled api/v1/events.js  (327ms)  (pid 16516)
Compiled api/v1/venues.js  (308ms)  (pid 16516)
Compiled events.js  (303ms)  (pid 16516)
Compiled gmaps.js  (0ms)  (pid 16516)
Compiled home.js  (199ms)  (pid 16516)
Compiled jquery.placeholder.min.js  (1ms)  (pid 16516)
Compiled registrations.js  (238ms)  (pid 16516)
Compiled sessions.js  (283ms)  (pid 16516)
Compiled application.js  (2524ms)  (pid 16516)
Compiled api/v1/event_packages.css  (17ms)  (pid 16516)
Compiled api/v1/event_times.css  (6ms)  (pid 16516)
Compiled api/v1/events.css  (6ms)  (pid 16516)
Compiled base.css  (15ms)  (pid 16516)
Compiled events.css  (38ms)  (pid 16516)
Compiled fonts.css  (0ms)  (pid 16516)
Compiled home.css  (54ms)  (pid 16516)
Compiled privacyStyle.css  (1ms)  (pid 16516)
Compiled registrations.css  (4ms)  (pid 16516)
Compiled sessions.css  (5ms)  (pid 16516)
Compiled teaserStyle.css  (0ms)  (pid 16516)
Compiled application.css  (462ms)  (pid 16516)
